[0425/213812.708:ERROR:process_reader_win.cc(123)] NtOpenThread: {액세스 거부} 프로세스가 개체에 액세스를 요구했지만 액세스 권한이 없습니다. (0xc0000022)
[0425/213812.713:ERROR:exception_snapshot_win.cc(98)] thread ID 14440 not found in process
[0708/222246.649:ERROR:process_reader_win.cc(123)] NtOpenThread: {액세스 거부} 프로세스가 개체에 액세스를 요구했지만 액세스 권한이 없습니다. (0xc0000022)
[0708/222246.651:ERROR:exception_snapshot_win.cc(98)] thread ID 6800 not found in process
[0708/224901.580:ERROR:process_reader_win.cc(123)] NtOpenThread: {액세스 거부} 프로세스가 개체에 액세스를 요구했지만 액세스 권한이 없습니다. (0xc0000022)
[0708/224901.580:ERROR:exception_snapshot_win.cc(98)] thread ID 3408 not found in process
[0318/175038.997:ERROR:process_reader_win.cc(151)] SuspendThread: 액세스가 거부되었습니다. (0x5)
[0318/175038.997:ERROR:process_reader_win.cc(151)] SuspendThread: 액세스가 거부되었습니다. (0x5)
[0318/175038.997:ERROR:process_reader_win.cc(151)] SuspendThread: 액세스가 거부되었습니다. (0x5)
[0318/175038.997:ERROR:process_reader_win.cc(151)] SuspendThread: 액세스가 거부되었습니다. (0x5)
[0318/175038.997:ERROR:process_reader_win.cc(151)] SuspendThread: 액세스가 거부되었습니다. (0x5)
[0318/175038.997:ERROR:process_reader_win.cc(151)] SuspendThread: 액세스가 거부되었습니다. (0x5)
[0318/175038.997:ERROR:process_reader_win.cc(151)] SuspendThread: 액세스가 거부되었습니다. (0x5)
[0318/175038.997:ERROR:process_reader_win.cc(151)] SuspendThread: 액세스가 거부되었습니다. (0x5)
[0318/175038.997:ERROR:process_reader_win.cc(151)] SuspendThread: 액세스가 거부되었습니다. (0x5)
[0318/175038.997:ERROR:process_reader_win.cc(151)] SuspendThread: 액세스가 거부되었습니다. (0x5)
[0318/175038.997:ERROR:process_reader_win.cc(151)] SuspendThread: 액세스가 거부되었습니다. (0x5)
[0318/175038.997:ERROR:process_reader_win.cc(151)] SuspendThread: 액세스가 거부되었습니다. (0x5)
[0318/175038.997:ERROR:process_reader_win.cc(151)] SuspendThread: 액세스가 거부되었습니다. (0x5)
[0318/175038.997:ERROR:process_reader_win.cc(151)] SuspendThread: 액세스가 거부되었습니다. (0x5)
[0318/175038.997:ERROR:process_reader_win.cc(151)] SuspendThread: 액세스가 거부되었습니다. (0x5)
[0318/175038.998:ERROR:process_reader_win.cc(151)] SuspendThread: 액세스가 거부되었습니다. (0x5)
[0318/175038.998:ERROR:process_reader_win.cc(151)] SuspendThread: 액세스가 거부되었습니다. (0x5)
[0318/175038.998:ERROR:process_reader_win.cc(151)] SuspendThread: 액세스가 거부되었습니다. (0x5)
[0318/175038.997:ERROR:process_reader_win.cc(123)] NtOpenThread: {액세스 거부} 프로세스가 개체에 액세스를 요구했지만 액세스 권한이 없습니다. (0xc0000022)
[0318/175038.998:ERROR:exception_snapshot_win.cc(98)] thread ID 12916 not found in process
[0318/175038.998:ERROR:process_reader_win.cc(151)] SuspendThread: 액세스가 거부되었습니다. (0x5)
[0318/175038.998:ERROR:process_reader_win.cc(151)] SuspendThread: 액세스가 거부되었습니다. (0x5)
[0318/175038.998:ERROR:process_reader_win.cc(151)] SuspendThread: 액세스가 거부되었습니다. (0x5)
[0318/175038.998:ERROR:process_reader_win.cc(151)] SuspendThread: 액세스가 거부되었습니다. (0x5)
[0318/175038.998:ERROR:process_reader_win.cc(151)] SuspendThread: 액세스가 거부되었습니다. (0x5)
[0318/175038.998:ERROR:process_reader_win.cc(123)] NtOpenThread: {액세스 거부} 프로세스가 개체에 액세스를 요구했지만 액세스 권한이 없습니다. (0xc0000022)
[0318/175038.998:ERROR:exception_snapshot_win.cc(98)] thread ID 13144 not found in process
[0318/175039.013:ERROR:process_reader_win.cc(151)] SuspendThread: 액세스가 거부되었습니다. (0x5)
[0318/175039.013:ERROR:process_reader_win.cc(151)] SuspendThread: 액세스가 거부되었습니다. (0x5)
[0318/175039.013:ERROR:process_reader_win.cc(151)] SuspendThread: 액세스가 거부되었습니다. (0x5)
[0318/175039.013:ERROR:process_reader_win.cc(151)] SuspendThread: 액세스가 거부되었습니다. (0x5)
[0318/175039.013:ERROR:process_reader_win.cc(151)] SuspendThread: 액세스가 거부되었습니다. (0x5)
[0318/175039.013:ERROR:process_reader_win.cc(151)] SuspendThread: 액세스가 거부되었습니다. (0x5)
[0318/175039.013:ERROR:process_reader_win.cc(151)] SuspendThread: 액세스가 거부되었습니다. (0x5)
[0318/175039.013:ERROR:process_reader_win.cc(151)] SuspendThread: 액세스가 거부되었습니다. (0x5)
[0318/175039.013:ERROR:process_reader_win.cc(151)] SuspendThread: 액세스가 거부되었습니다. (0x5)
[0318/175039.013:ERROR:process_reader_win.cc(151)] SuspendThread: 액세스가 거부되었습니다. (0x5)
[0318/175039.013:ERROR:process_reader_win.cc(151)] SuspendThread: 액세스가 거부되었습니다. (0x5)
[0318/175039.013:ERROR:process_reader_win.cc(151)] SuspendThread: 액세스가 거부되었습니다. (0x5)
[0318/175039.013:ERROR:process_reader_win.cc(151)] SuspendThread: 액세스가 거부되었습니다. (0x5)
[0318/175039.013:ERROR:process_reader_win.cc(151)] SuspendThread: 액세스가 거부되었습니다. (0x5)
[0318/175039.013:ERROR:process_reader_win.cc(151)] SuspendThread: 액세스가 거부되었습니다. (0x5)
[0318/175039.013:ERROR:process_reader_win.cc(151)] SuspendThread: 액세스가 거부되었습니다. (0x5)
[0318/175039.013:ERROR:process_reader_win.cc(151)] SuspendThread: 액세스가 거부되었습니다. (0x5)
[0318/175039.013:ERROR:process_reader_win.cc(151)] SuspendThread: 액세스가 거부되었습니다. (0x5)
[0318/175039.013:ERROR:process_reader_win.cc(151)] SuspendThread: 액세스가 거부되었습니다. (0x5)
[0318/175039.013:ERROR:process_reader_win.cc(151)] SuspendThread: 액세스가 거부되었습니다. (0x5)
[0318/175039.013:ERROR:process_reader_win.cc(151)] SuspendThread: 액세스가 거부되었습니다. (0x5)
[0318/175039.013:ERROR:process_reader_win.cc(151)] SuspendThread: 액세스가 거부되었습니다. (0x5)
[0318/175039.013:ERROR:process_reader_win.cc(151)] SuspendThread: 액세스가 거부되었습니다. (0x5)
[0318/175039.013:ERROR:process_reader_win.cc(151)] SuspendThread: 액세스가 거부되었습니다. (0x5)
[0318/175039.013:ERROR:process_reader_win.cc(151)] SuspendThread: 액세스가 거부되었습니다. (0x5)
[0318/175039.013:ERROR:process_reader_win.cc(151)] SuspendThread: 액세스가 거부되었습니다. (0x5)
[0318/175039.013:ERROR:process_reader_win.cc(151)] SuspendThread: 액세스가 거부되었습니다. (0x5)
[0318/175039.013:ERROR:process_reader_win.cc(123)] NtOpenThread: {액세스 거부} 프로세스가 개체에 액세스를 요구했지만 액세스 권한이 없습니다. (0xc0000022)
[0318/175039.013:ERROR:exception_snapshot_win.cc(98)] thread ID 14488 not found in process
[0318/175039.014:ERROR:process_reader_win.cc(151)] SuspendThread: 액세스가 거부되었습니다. (0x5)
[0318/175039.014:ERROR:process_reader_win.cc(151)] SuspendThread: 액세스가 거부되었습니다. (0x5)
[0318/175039.014:ERROR:process_reader_win.cc(151)] SuspendThread: 액세스가 거부되었습니다. (0x5)
[0318/175039.014:ERROR:process_reader_win.cc(151)] SuspendThread: 액세스가 거부되었습니다. (0x5)
[0318/175039.014:ERROR:process_reader_win.cc(151)] SuspendThread: 액세스가 거부되었습니다. (0x5)
[0318/175039.014:ERROR:process_reader_win.cc(151)] SuspendThread: 액세스가 거부되었습니다. (0x5)
[0318/175039.014:ERROR:process_reader_win.cc(151)] SuspendThread: 액세스가 거부되었습니다. (0x5)
[0318/175039.014:ERROR:process_reader_win.cc(151)] SuspendThread: 액세스가 거부되었습니다. (0x5)
[0318/175039.014:ERROR:process_reader_win.cc(151)] SuspendThread: 액세스가 거부되었습니다. (0x5)
[0318/175039.014:ERROR:process_reader_win.cc(151)] SuspendThread: 액세스가 거부되었습니다. (0x5)
[0318/175039.014:ERROR:process_reader_win.cc(151)] SuspendThread: 액세스가 거부되었습니다. (0x5)
[0318/175039.014:ERROR:process_reader_win.cc(151)] SuspendThread: 액세스가 거부되었습니다. (0x5)
[0318/175039.014:ERROR:process_reader_win.cc(151)] SuspendThread: 액세스가 거부되었습니다. (0x5)
[0318/175039.014:ERROR:process_reader_win.cc(151)] SuspendThread: 액세스가 거부되었습니다. (0x5)
[0318/175039.014:ERROR:process_reader_win.cc(151)] SuspendThread: 액세스가 거부되었습니다. (0x5)
[0318/175039.014:ERROR:process_reader_win.cc(151)] SuspendThread: 액세스가 거부되었습니다. (0x5)
[0318/175039.014:ERROR:process_reader_win.cc(151)] SuspendThread: 액세스가 거부되었습니다. (0x5)
[0318/175039.014:ERROR:process_reader_win.cc(151)] SuspendThread: 액세스가 거부되었습니다. (0x5)
[0318/175039.014:ERROR:process_reader_win.cc(151)] SuspendThread: 액세스가 거부되었습니다. (0x5)
[0318/175039.014:ERROR:process_reader_win.cc(151)] SuspendThread: 액세스가 거부되었습니다. (0x5)
[0318/175039.014:ERROR:process_reader_win.cc(151)] SuspendThread: 액세스가 거부되었습니다. (0x5)
[0318/175039.014:ERROR:process_reader_win.cc(151)] SuspendThread: 액세스가 거부되었습니다. (0x5)
[0318/175039.014:ERROR:process_reader_win.cc(151)] SuspendThread: 액세스가 거부되었습니다. (0x5)
[0318/175039.014:ERROR:process_reader_win.cc(151)] SuspendThread: 액세스가 거부되었습니다. (0x5)
[0318/175039.014:ERROR:process_reader_win.cc(151)] SuspendThread: 액세스가 거부되었습니다. (0x5)
[0318/175039.014:ERROR:process_reader_win.cc(151)] SuspendThread: 액세스가 거부되었습니다. (0x5)
[0318/175039.014:ERROR:process_reader_win.cc(151)] SuspendThread: 액세스가 거부되었습니다. (0x5)
[0318/175039.014:ERROR:process_reader_win.cc(151)] SuspendThread: 액세스가 거부되었습니다. (0x5)
[0318/175039.014:ERROR:process_reader_win.cc(151)] SuspendThread: 액세스가 거부되었습니다. (0x5)
[0318/175039.014:ERROR:process_reader_win.cc(151)] SuspendThread: 액세스가 거부되었습니다. (0x5)
[0318/175039.014:ERROR:process_reader_win.cc(151)] SuspendThread: 액세스가 거부되었습니다. (0x5)
[0318/175039.014:ERROR:process_reader_win.cc(151)] SuspendThread: 액세스가 거부되었습니다. (0x5)
[0318/175039.014:ERROR:process_reader_win.cc(123)] NtOpenThread: {액세스 거부} 프로세스가 개체에 액세스를 요구했지만 액세스 권한이 없습니다. (0xc0000022)
[0318/175039.014:ERROR:exception_snapshot_win.cc(98)] thread ID 8144 not found in process
[0318/180706.692:ERROR:process_reader_win.cc(151)] SuspendThread: 액세스가 거부되었습니다. (0x5)
[0318/180706.692:ERROR:process_reader_win.cc(151)] SuspendThread: 액세스가 거부되었습니다. (0x5)
[0318/180706.692:ERROR:process_reader_win.cc(151)] SuspendThread: 액세스가 거부되었습니다. (0x5)
[0318/180706.692:ERROR:process_reader_win.cc(151)] SuspendThread: 액세스가 거부되었습니다. (0x5)
[0318/180706.692:ERROR:process_reader_win.cc(151)] SuspendThread: 액세스가 거부되었습니다. (0x5)
[0318/180706.692:ERROR:process_reader_win.cc(151)] SuspendThread: 액세스가 거부되었습니다. (0x5)
[0318/180706.692:ERROR:process_reader_win.cc(151)] SuspendThread: 액세스가 거부되었습니다. (0x5)
[0318/180706.692:ERROR:process_reader_win.cc(123)] NtOpenThread: {액세스 거부} 프로세스가 개체에 액세스를 요구했지만 액세스 권한이 없습니다. (0xc0000022)
[0318/180706.692:ERROR:exception_snapshot_win.cc(98)] thread ID 11252 not found in process
[0318/180706.708:ERROR:process_reader_win.cc(151)] SuspendThread: 액세스가 거부되었습니다. (0x5)
[0318/180706.708:ERROR:process_reader_win.cc(151)] SuspendThread: 액세스가 거부되었습니다. (0x5)
[0318/180706.708:ERROR:process_reader_win.cc(151)] SuspendThread: 액세스가 거부되었습니다. (0x5)
[0318/180706.708:ERROR:process_reader_win.cc(151)] SuspendThread: 액세스가 거부되었습니다. (0x5)
[0318/180706.708:ERROR:process_reader_win.cc(151)] SuspendThread: 액세스가 거부되었습니다. (0x5)
[0318/180706.708:ERROR:process_reader_win.cc(151)] SuspendThread: 액세스가 거부되었습니다. (0x5)
[0318/180706.708:ERROR:process_reader_win.cc(151)] SuspendThread: 액세스가 거부되었습니다. (0x5)
[0318/180706.708:ERROR:process_reader_win.cc(151)] SuspendThread: 액세스가 거부되었습니다. (0x5)
[0318/180706.708:ERROR:process_reader_win.cc(151)] SuspendThread: 액세스가 거부되었습니다. (0x5)
[0318/180706.708:ERROR:process_reader_win.cc(151)] SuspendThread: 액세스가 거부되었습니다. (0x5)
[0318/180706.708:ERROR:process_reader_win.cc(151)] SuspendThread: 액세스가 거부되었습니다. (0x5)
[0318/180706.708:ERROR:process_reader_win.cc(151)] SuspendThread: 액세스가 거부되었습니다. (0x5)
[0318/180706.708:ERROR:process_reader_win.cc(151)] SuspendThread: 액세스가 거부되었습니다. (0x5)
[0318/180706.708:ERROR:process_reader_win.cc(151)] SuspendThread: 액세스가 거부되었습니다. (0x5)
[0318/180706.708:ERROR:process_reader_win.cc(151)] SuspendThread: 액세스가 거부되었습니다. (0x5)
[0318/180706.708:ERROR:process_reader_win.cc(151)] SuspendThread: 액세스가 거부되었습니다. (0x5)
[0318/180706.708:ERROR:process_reader_win.cc(151)] SuspendThread: 액세스가 거부되었습니다. (0x5)
[0318/180706.708:ERROR:process_reader_win.cc(151)] SuspendThread: 액세스가 거부되었습니다. (0x5)
[0318/180706.708:ERROR:process_reader_win.cc(123)] NtOpenThread: {액세스 거부} 프로세스가 개체에 액세스를 요구했지만 액세스 권한이 없습니다. (0xc0000022)
[0318/180706.708:ERROR:exception_snapshot_win.cc(98)] thread ID 2076 not found in process
[0414/111246.526:ERROR:process_reader_win.cc(123)] NtOpenThread: {액세스 거부} 프로세스가 개체에 액세스를 요구했지만 액세스 권한이 없습니다. (0xc0000022)
[0414/111246.528:ERROR:exception_snapshot_win.cc(98)] thread ID 13668 not found in process
[0414/111246.545:ERROR:process_reader_win.cc(123)] NtOpenThread: {액세스 거부} 프로세스가 개체에 액세스를 요구했지만 액세스 권한이 없습니다. (0xc0000022)
[0414/111246.545:ERROR:exception_snapshot_win.cc(98)] thread ID 13204 not found in process
[0414/122419.092:ERROR:process_reader_win.cc(123)] NtOpenThread: {액세스 거부} 프로세스가 개체에 액세스를 요구했지만 액세스 권한이 없습니다. (0xc0000022)
[0414/122419.093:ERROR:exception_snapshot_win.cc(98)] thread ID 13352 not found in process
[0414/122419.107:ERROR:process_reader_win.cc(123)] NtOpenThread: {액세스 거부} 프로세스가 개체에 액세스를 요구했지만 액세스 권한이 없습니다. (0xc0000022)
[0414/122419.107:ERROR:exception_snapshot_win.cc(98)] thread ID 7640 not found in process
[0414/181020.423:ERROR:process_reader_win.cc(123)] NtOpenThread: {액세스 거부} 프로세스가 개체에 액세스를 요구했지만 액세스 권한이 없습니다. (0xc0000022)
[0414/181020.424:ERROR:exception_snapshot_win.cc(98)] thread ID 3468 not found in process
[0414/181020.435:ERROR:process_reader_win.cc(123)] NtOpenThread: {액세스 거부} 프로세스가 개체에 액세스를 요구했지만 액세스 권한이 없습니다. (0xc0000022)
[0414/181020.435:ERROR:exception_snapshot_win.cc(98)] thread ID 16936 not found in process
[0414/181020.441:ERROR:process_reader_win.cc(123)] NtOpenThread: {액세스 거부} 프로세스가 개체에 액세스를 요구했지만 액세스 권한이 없습니다. (0xc0000022)
[0414/181020.442:ERROR:exception_snapshot_win.cc(98)] thread ID 6648 not found in process
[0414/181808.204:ERROR:process_reader_win.cc(151)] SuspendThread: 액세스가 거부되었습니다. (0x5)
[0414/181808.205:ERROR:process_reader_win.cc(151)] SuspendThread: 액세스가 거부되었습니다. (0x5)
[0414/181808.205:ERROR:process_reader_win.cc(123)] NtOpenThread: {액세스 거부} 프로세스가 개체에 액세스를 요구했지만 액세스 권한이 없습니다. (0xc0000022)
[0414/181808.205:ERROR:exception_snapshot_win.cc(98)] thread ID 13016 not found in process
[0414/181808.217:ERROR:process_reader_win.cc(123)] NtOpenThread: {액세스 거부} 프로세스가 개체에 액세스를 요구했지만 액세스 권한이 없습니다. (0xc0000022)
[0414/181808.217:ERROR:exception_snapshot_win.cc(98)] thread ID 5404 not found in process
[0414/182937.883:ERROR:process_reader_win.cc(123)] NtOpenThread: {액세스 거부} 프로세스가 개체에 액세스를 요구했지만 액세스 권한이 없습니다. (0xc0000022)
[0414/182937.885:ERROR:exception_snapshot_win.cc(98)] thread ID 11836 not found in process
[0414/182937.902:ERROR:process_reader_win.cc(123)] NtOpenThread: {액세스 거부} 프로세스가 개체에 액세스를 요구했지만 액세스 권한이 없습니다. (0xc0000022)
[0414/182937.902:ERROR:exception_snapshot_win.cc(98)] thread ID 14212 not found in process
[0415/120148.178:ERROR:process_reader_win.cc(123)] NtOpenThread: {액세스 거부} 프로세스가 개체에 액세스를 요구했지만 액세스 권한이 없습니다. (0xc0000022)
[0415/120148.179:ERROR:exception_snapshot_win.cc(98)] thread ID 5460 not found in process
[0415/120148.191:ERROR:process_reader_win.cc(123)] NtOpenThread: {액세스 거부} 프로세스가 개체에 액세스를 요구했지만 액세스 권한이 없습니다. (0xc0000022)
[0415/120148.191:ERROR:exception_snapshot_win.cc(98)] thread ID 10564 not found in process
[0415/120218.170:ERROR:process_reader_win.cc(123)] NtOpenThread: {액세스 거부} 프로세스가 개체에 액세스를 요구했지만 액세스 권한이 없습니다. (0xc0000022)
[0415/120218.172:ERROR:exception_snapshot_win.cc(98)] thread ID 1648 not found in process
[0415/120218.180:ERROR:process_reader_win.cc(123)] NtOpenThread: {액세스 거부} 프로세스가 개체에 액세스를 요구했지만 액세스 권한이 없습니다. (0xc0000022)
[0415/120218.180:ERROR:exception_snapshot_win.cc(98)] thread ID 16320 not found in process
[0415/120218.193:ERROR:process_reader_win.cc(151)] SuspendThread: 액세스가 거부되었습니다. (0x5)
[0415/120218.193:ERROR:process_reader_win.cc(151)] SuspendThread: 액세스가 거부되었습니다. (0x5)
[0415/120218.193:ERROR:process_reader_win.cc(151)] SuspendThread: 액세스가 거부되었습니다. (0x5)
[0415/120218.193:ERROR:process_reader_win.cc(123)] NtOpenThread: {액세스 거부} 프로세스가 개체에 액세스를 요구했지만 액세스 권한이 없습니다. (0xc0000022)
[0415/120218.193:ERROR:exception_snapshot_win.cc(98)] thread ID 11964 not found in process
[0509/070400.596:ERROR:prune_crash_reports.cc(35)] PruneCrashReportDatabase: Failed to get pending reports
[0517/152138.914:ERROR:process_reader_win.cc(151)] SuspendThread: 액세스가 거부되었습니다. (0x5)
[0517/152138.915:ERROR:process_reader_win.cc(151)] SuspendThread: 액세스가 거부되었습니다. (0x5)
[0517/152138.915:ERROR:process_reader_win.cc(151)] SuspendThread: 액세스가 거부되었습니다. (0x5)
[0517/152138.915:ERROR:process_reader_win.cc(151)] SuspendThread: 액세스가 거부되었습니다. (0x5)
[0517/152138.915:ERROR:process_reader_win.cc(151)] SuspendThread: 액세스가 거부되었습니다. (0x5)
[0517/152138.915:ERROR:process_reader_win.cc(151)] SuspendThread: 액세스가 거부되었습니다. (0x5)
[0517/152138.915:ERROR:process_reader_win.cc(123)] NtOpenThread: {액세스 거부} 프로세스가 개체에 액세스를 요구했지만 액세스 권한이 없습니다. (0xc0000022)
[0517/152138.915:ERROR:exception_snapshot_win.cc(98)] thread ID 20572 not found in process
[0517/152138.918:ERROR:process_reader_win.cc(151)] SuspendThread: 액세스가 거부되었습니다. (0x5)
[0517/152138.918:ERROR:process_reader_win.cc(123)] NtOpenThread: {액세스 거부} 프로세스가 개체에 액세스를 요구했지만 액세스 권한이 없습니다. (0xc0000022)
[0517/152138.919:ERROR:exception_snapshot_win.cc(98)] thread ID 20584 not found in process
[0517/152138.921:ERROR:process_reader_win.cc(151)] SuspendThread: 액세스가 거부되었습니다. (0x5)
[0517/152138.921:ERROR:process_reader_win.cc(151)] SuspendThread: 액세스가 거부되었습니다. (0x5)
[0517/152138.921:ERROR:process_reader_win.cc(123)] NtOpenThread: {액세스 거부} 프로세스가 개체에 액세스를 요구했지만 액세스 권한이 없습니다. (0xc0000022)
[0517/152138.921:ERROR:exception_snapshot_win.cc(98)] thread ID 12708 not found in process
[0517/152138.937:ERROR:process_reader_win.cc(151)] SuspendThread: 액세스가 거부되었습니다. (0x5)
[0517/152138.937:ERROR:process_reader_win.cc(151)] SuspendThread: 액세스가 거부되었습니다. (0x5)
[0517/152138.937:ERROR:process_reader_win.cc(151)] SuspendThread: 액세스가 거부되었습니다. (0x5)
[0517/152138.937:ERROR:process_reader_win.cc(151)] SuspendThread: 액세스가 거부되었습니다. (0x5)
[0517/152138.937:ERROR:process_reader_win.cc(151)] SuspendThread: 액세스가 거부되었습니다. (0x5)
[0517/152138.937:ERROR:process_reader_win.cc(123)] NtOpenThread: {액세스 거부} 프로세스가 개체에 액세스를 요구했지만 액세스 권한이 없습니다. (0xc0000022)
[0517/152138.937:ERROR:exception_snapshot_win.cc(98)] thread ID 15372 not found in process
[0520/044921.230:ERROR:prune_crash_reports.cc(35)] PruneCrashReportDatabase: Failed to get pending reports
[0521/075131.919:ERROR:process_reader_win.cc(151)] SuspendThread: 액세스가 거부되었습니다. (0x5)
[0521/075131.920:ERROR:process_reader_win.cc(123)] NtOpenThread: {액세스 거부} 프로세스가 개체에 액세스를 요구했지만 액세스 권한이 없습니다. (0xc0000022)
[0521/075131.920:ERROR:exception_snapshot_win.cc(98)] thread ID 27196 not found in process
[0521/075131.929:ERROR:process_reader_win.cc(151)] SuspendThread: 액세스가 거부되었습니다. (0x5)
[0521/075131.929:ERROR:process_reader_win.cc(123)] NtOpenThread: {액세스 거부} 프로세스가 개체에 액세스를 요구했지만 액세스 권한이 없습니다. (0xc0000022)
[0521/075131.929:ERROR:exception_snapshot_win.cc(98)] thread ID 27404 not found in process
[0521/075131.937:ERROR:process_reader_win.cc(151)] SuspendThread: 액세스가 거부되었습니다. (0x5)
[0521/075131.937:ERROR:process_reader_win.cc(151)] SuspendThread: 액세스가 거부되었습니다. (0x5)
[0521/075131.937:ERROR:process_reader_win.cc(151)] SuspendThread: 액세스가 거부되었습니다. (0x5)
[0521/075131.937:ERROR:process_reader_win.cc(151)] SuspendThread: 액세스가 거부되었습니다. (0x5)
[0521/075131.937:ERROR:process_reader_win.cc(151)] SuspendThread: 액세스가 거부되었습니다. (0x5)
[0521/075131.937:ERROR:process_reader_win.cc(123)] NtOpenThread: {액세스 거부} 프로세스가 개체에 액세스를 요구했지만 액세스 권한이 없습니다. (0xc0000022)
[0521/075131.937:ERROR:exception_snapshot_win.cc(98)] thread ID 17948 not found in process
[0521/075131.941:ERROR:process_reader_win.cc(151)] SuspendThread: 액세스가 거부되었습니다. (0x5)
[0521/075131.941:ERROR:process_reader_win.cc(151)] SuspendThread: 액세스가 거부되었습니다. (0x5)
[0521/075131.941:ERROR:process_reader_win.cc(151)] SuspendThread: 액세스가 거부되었습니다. (0x5)
[0521/075131.941:ERROR:process_reader_win.cc(151)] SuspendThread: 액세스가 거부되었습니다. (0x5)
[0521/075131.941:ERROR:process_reader_win.cc(123)] NtOpenThread: {액세스 거부} 프로세스가 개체에 액세스를 요구했지만 액세스 권한이 없습니다. (0xc0000022)
[0521/075131.941:ERROR:exception_snapshot_win.cc(98)] thread ID 20208 not found in process
[0622/195816.116:ERROR:process_reader_win.cc(123)] NtOpenThread: {액세스 거부} 프로세스가 개체에 액세스를 요구했지만 액세스 권한이 없습니다. (0xc0000022)
[0622/195816.121:ERROR:exception_snapshot_win.cc(98)] thread ID 27436 not found in process
[0622/195816.125:ERROR:process_reader_win.cc(123)] NtOpenThread: {액세스 거부} 프로세스가 개체에 액세스를 요구했지만 액세스 권한이 없습니다. (0xc0000022)
[0622/195816.125:ERROR:exception_snapshot_win.cc(98)] thread ID 24200 not found in process
[0706/001158.425:ERROR:process_reader_win.cc(123)] NtOpenThread: {액세스 거부} 프로세스가 개체에 액세스를 요구했지만 액세스 권한이 없습니다. (0xc0000022)
[0706/001158.427:ERROR:exception_snapshot_win.cc(98)] thread ID 2084 not found in process
[0706/001158.530:ERROR:process_reader_win.cc(123)] NtOpenThread: {액세스 거부} 프로세스가 개체에 액세스를 요구했지만 액세스 권한이 없습니다. (0xc0000022)
[0706/001158.530:ERROR:exception_snapshot_win.cc(98)] thread ID 14756 not found in process
[0721/151028.133:ERROR:process_reader_win.cc(123)] NtOpenThread: {액세스 거부} 프로세스가 개체에 액세스를 요구했지만 액세스 권한이 없습니다. (0xc0000022)
[0721/151028.134:ERROR:exception_snapshot_win.cc(98)] thread ID 13924 not found in process
[0721/151028.212:ERROR:process_reader_win.cc(123)] NtOpenThread: {액세스 거부} 프로세스가 개체에 액세스를 요구했지만 액세스 권한이 없습니다. (0xc0000022)
[0721/151028.212:ERROR:exception_snapshot_win.cc(98)] thread ID 13916 not found in process
[0817/175341.545:ERROR:process_reader_win.cc(151)] SuspendThread: 액세스가 거부되었습니다. (0x5)
[0817/175341.546:ERROR:process_reader_win.cc(123)] NtOpenThread: {액세스 거부} 프로세스가 개체에 액세스를 요구했지만 액세스 권한이 없습니다. (0xc0000022)
[0817/175341.546:ERROR:exception_snapshot_win.cc(98)] thread ID 5992 not found in process
[0817/175341.549:ERROR:process_reader_win.cc(123)] NtOpenThread: {액세스 거부} 프로세스가 개체에 액세스를 요구했지만 액세스 권한이 없습니다. (0xc0000022)
[0817/175341.549:ERROR:exception_snapshot_win.cc(98)] thread ID 5044 not found in process
[0824/173019.025:ERROR:process_reader_win.cc(123)] NtOpenThread: {액세스 거부} 프로세스가 개체에 액세스를 요구했지만 액세스 권한이 없습니다. (0xc0000022)
[0824/173019.026:ERROR:exception_snapshot_win.cc(98)] thread ID 9144 not found in process
[0824/173019.041:ERROR:process_reader_win.cc(123)] NtOpenThread: {액세스 거부} 프로세스가 개체에 액세스를 요구했지만 액세스 권한이 없습니다. (0xc0000022)
[0824/173019.041:ERROR:exception_snapshot_win.cc(98)] thread ID 7860 not found in process
[0824/173019.065:ERROR:process_reader_win.cc(123)] NtOpenThread: {액세스 거부} 프로세스가 개체에 액세스를 요구했지만 액세스 권한이 없습니다. (0xc0000022)
[0824/173019.065:ERROR:exception_snapshot_win.cc(98)] thread ID 10284 not found in process
[0824/173022.572:ERROR:process_reader_win.cc(123)] NtOpenThread: {액세스 거부} 프로세스가 개체에 액세스를 요구했지만 액세스 권한이 없습니다. (0xc0000022)
[0824/173022.572:ERROR:exception_snapshot_win.cc(98)] thread ID 2236 not found in process
[0907/112343.735:ERROR:process_reader_win.cc(151)] SuspendThread: 액세스가 거부되었습니다. (0x5)
[0907/112343.736:ERROR:process_reader_win.cc(151)] SuspendThread: 액세스가 거부되었습니다. (0x5)
[0907/112343.736:ERROR:process_reader_win.cc(151)] SuspendThread: 액세스가 거부되었습니다. (0x5)
[0907/112343.736:ERROR:process_reader_win.cc(151)] SuspendThread: 액세스가 거부되었습니다. (0x5)
[0907/112343.736:ERROR:process_reader_win.cc(151)] SuspendThread: 액세스가 거부되었습니다. (0x5)
[0907/112343.736:ERROR:process_reader_win.cc(151)] SuspendThread: 액세스가 거부되었습니다. (0x5)
[0907/112343.736:ERROR:process_reader_win.cc(151)] SuspendThread: 액세스가 거부되었습니다. (0x5)
[0907/112343.736:ERROR:process_reader_win.cc(151)] SuspendThread: 액세스가 거부되었습니다. (0x5)
[0907/112343.736:ERROR:process_reader_win.cc(151)] SuspendThread: 액세스가 거부되었습니다. (0x5)
[0907/112343.736:ERROR:process_reader_win.cc(151)] SuspendThread: 액세스가 거부되었습니다. (0x5)
[0907/112343.736:ERROR:process_reader_win.cc(151)] SuspendThread: 액세스가 거부되었습니다. (0x5)
[0907/112343.736:ERROR:process_reader_win.cc(151)] SuspendThread: 액세스가 거부되었습니다. (0x5)
[0907/112343.736:ERROR:process_reader_win.cc(151)] SuspendThread: 액세스가 거부되었습니다. (0x5)
[0907/112343.736:ERROR:process_reader_win.cc(151)] SuspendThread: 액세스가 거부되었습니다. (0x5)
[0907/112343.736:ERROR:process_reader_win.cc(151)] SuspendThread: 액세스가 거부되었습니다. (0x5)
[0907/112343.736:ERROR:process_reader_win.cc(151)] SuspendThread: 액세스가 거부되었습니다. (0x5)
[0907/112343.736:ERROR:process_reader_win.cc(151)] SuspendThread: 액세스가 거부되었습니다. (0x5)
[0907/112343.736:ERROR:process_reader_win.cc(151)] SuspendThread: 액세스가 거부되었습니다. (0x5)
[0907/112343.736:ERROR:process_reader_win.cc(151)] SuspendThread: 액세스가 거부되었습니다. (0x5)
[0907/112343.736:ERROR:process_reader_win.cc(151)] SuspendThread: 액세스가 거부되었습니다. (0x5)
[0907/112343.736:ERROR:process_reader_win.cc(151)] SuspendThread: 액세스가 거부되었습니다. (0x5)
[0907/112343.735:ERROR:process_reader_win.cc(151)] SuspendThread: 액세스가 거부되었습니다. (0x5)
[0907/112343.736:ERROR:process_reader_win.cc(151)] SuspendThread: 액세스가 거부되었습니다. (0x5)
[0907/112343.736:ERROR:process_reader_win.cc(151)] SuspendThread: 액세스가 거부되었습니다. (0x5)
[0907/112343.736:ERROR:process_reader_win.cc(151)] SuspendThread: 액세스가 거부되었습니다. (0x5)
[0907/112343.736:ERROR:process_reader_win.cc(151)] SuspendThread: 액세스가 거부되었습니다. (0x5)
[0907/112343.736:ERROR:process_reader_win.cc(151)] SuspendThread: 액세스가 거부되었습니다. (0x5)
[0907/112343.736:ERROR:process_reader_win.cc(151)] SuspendThread: 액세스가 거부되었습니다. (0x5)
[0907/112343.736:ERROR:process_reader_win.cc(151)] SuspendThread: 액세스가 거부되었습니다. (0x5)
[0907/112343.736:ERROR:process_reader_win.cc(151)] SuspendThread: 액세스가 거부되었습니다. (0x5)
[0907/112343.736:ERROR:process_reader_win.cc(151)] SuspendThread: 액세스가 거부되었습니다. (0x5)
[0907/112343.736:ERROR:process_reader_win.cc(151)] SuspendThread: 액세스가 거부되었습니다. (0x5)
[0907/112343.736:ERROR:process_reader_win.cc(151)] SuspendThread: 액세스가 거부되었습니다. (0x5)
[0907/112343.736:ERROR:process_reader_win.cc(151)] SuspendThread: 액세스가 거부되었습니다. (0x5)
[0907/112343.736:ERROR:process_reader_win.cc(151)] SuspendThread: 액세스가 거부되었습니다. (0x5)
[0907/112343.736:ERROR:process_reader_win.cc(151)] SuspendThread: 액세스가 거부되었습니다. (0x5)
[0907/112343.736:ERROR:process_reader_win.cc(123)] NtOpenThread: {액세스 거부} 프로세스가 개체에 액세스를 요구했지만 액세스 권한이 없습니다. (0xc0000022)
[0907/112343.737:ERROR:exception_snapshot_win.cc(99)] thread ID 14744 not found in process
[0907/112343.736:ERROR:process_reader_win.cc(123)] NtOpenThread: {액세스 거부} 프로세스가 개체에 액세스를 요구했지만 액세스 권한이 없습니다. (0xc0000022)
[0907/112343.737:ERROR:exception_snapshot_win.cc(99)] thread ID 14668 not found in process
[0907/112343.735:ERROR:process_reader_win.cc(151)] SuspendThread: 액세스가 거부되었습니다. (0x5)
[0907/112343.739:ERROR:process_reader_win.cc(151)] SuspendThread: 액세스가 거부되었습니다. (0x5)
[0907/112343.739:ERROR:process_reader_win.cc(151)] SuspendThread: 액세스가 거부되었습니다. (0x5)
[0907/112343.739:ERROR:process_reader_win.cc(151)] SuspendThread: 액세스가 거부되었습니다. (0x5)
[0907/112343.739:ERROR:process_reader_win.cc(151)] SuspendThread: 액세스가 거부되었습니다. (0x5)
[0907/112343.739:ERROR:process_reader_win.cc(151)] SuspendThread: 액세스가 거부되었습니다. (0x5)
[0907/112343.739:ERROR:process_reader_win.cc(151)] SuspendThread: 액세스가 거부되었습니다. (0x5)
[0907/112343.739:ERROR:process_reader_win.cc(151)] SuspendThread: 액세스가 거부되었습니다. (0x5)
[0907/112343.739:ERROR:process_reader_win.cc(151)] SuspendThread: 액세스가 거부되었습니다. (0x5)
[0907/112343.739:ERROR:process_reader_win.cc(151)] SuspendThread: 액세스가 거부되었습니다. (0x5)
[0907/112343.739:ERROR:process_reader_win.cc(151)] SuspendThread: 액세스가 거부되었습니다. (0x5)
[0907/112343.739:ERROR:process_reader_win.cc(151)] SuspendThread: 액세스가 거부되었습니다. (0x5)
[0907/112343.739:ERROR:process_reader_win.cc(151)] SuspendThread: 액세스가 거부되었습니다. (0x5)
[0907/112343.739:ERROR:process_reader_win.cc(151)] SuspendThread: 액세스가 거부되었습니다. (0x5)
[0907/112343.739:ERROR:process_reader_win.cc(151)] SuspendThread: 액세스가 거부되었습니다. (0x5)
[0907/112343.739:ERROR:process_reader_win.cc(151)] SuspendThread: 액세스가 거부되었습니다. (0x5)
[0907/112343.739:ERROR:process_reader_win.cc(151)] SuspendThread: 액세스가 거부되었습니다. (0x5)
[0907/112343.739:ERROR:process_reader_win.cc(151)] SuspendThread: 액세스가 거부되었습니다. (0x5)
[0907/112343.739:ERROR:process_reader_win.cc(151)] SuspendThread: 액세스가 거부되었습니다. (0x5)
[0907/112343.739:ERROR:process_reader_win.cc(151)] SuspendThread: 액세스가 거부되었습니다. (0x5)
[0907/112343.739:ERROR:process_reader_win.cc(151)] SuspendThread: 액세스가 거부되었습니다. (0x5)
[0907/112343.739:ERROR:process_reader_win.cc(151)] SuspendThread: 액세스가 거부되었습니다. (0x5)
[0907/112343.740:ERROR:process_reader_win.cc(151)] SuspendThread: 액세스가 거부되었습니다. (0x5)
[0907/112343.740:ERROR:process_reader_win.cc(151)] SuspendThread: 액세스가 거부되었습니다. (0x5)
[0907/112343.740:ERROR:process_reader_win.cc(151)] SuspendThread: 액세스가 거부되었습니다. (0x5)
[0907/112343.740:ERROR:process_reader_win.cc(151)] SuspendThread: 액세스가 거부되었습니다. (0x5)
[0907/112343.740:ERROR:process_reader_win.cc(123)] NtOpenThread: {액세스 거부} 프로세스가 개체에 액세스를 요구했지만 액세스 권한이 없습니다. (0xc0000022)
[0907/112343.740:ERROR:exception_snapshot_win.cc(99)] thread ID 14684 not found in process
[0907/112343.750:ERROR:process_reader_win.cc(151)] SuspendThread: 액세스가 거부되었습니다. (0x5)
[0907/112343.750:ERROR:process_reader_win.cc(151)] SuspendThread: 액세스가 거부되었습니다. (0x5)
[0907/112343.750:ERROR:process_reader_win.cc(151)] SuspendThread: 액세스가 거부되었습니다. (0x5)
[0907/112343.750:ERROR:process_reader_win.cc(151)] SuspendThread: 액세스가 거부되었습니다. (0x5)
[0907/112343.750:ERROR:process_reader_win.cc(151)] SuspendThread: 액세스가 거부되었습니다. (0x5)
[0907/112343.750:ERROR:process_reader_win.cc(151)] SuspendThread: 액세스가 거부되었습니다. (0x5)
[0907/112343.750:ERROR:process_reader_win.cc(151)] SuspendThread: 액세스가 거부되었습니다. (0x5)
[0907/112343.750:ERROR:process_reader_win.cc(151)] SuspendThread: 액세스가 거부되었습니다. (0x5)
[0907/112343.750:ERROR:process_reader_win.cc(151)] SuspendThread: 액세스가 거부되었습니다. (0x5)
[0907/112343.750:ERROR:process_reader_win.cc(151)] SuspendThread: 액세스가 거부되었습니다. (0x5)
[0907/112343.750:ERROR:process_reader_win.cc(151)] SuspendThread: 액세스가 거부되었습니다. (0x5)
[0907/112343.750:ERROR:process_reader_win.cc(151)] SuspendThread: 액세스가 거부되었습니다. (0x5)
[0907/112343.750:ERROR:process_reader_win.cc(151)] SuspendThread: 액세스가 거부되었습니다. (0x5)
[0907/112343.750:ERROR:process_reader_win.cc(151)] SuspendThread: 액세스가 거부되었습니다. (0x5)
[0907/112343.750:ERROR:process_reader_win.cc(123)] NtOpenThread: {액세스 거부} 프로세스가 개체에 액세스를 요구했지만 액세스 권한이 없습니다. (0xc0000022)
[0907/112343.750:ERROR:exception_snapshot_win.cc(99)] thread ID 14756 not found in process
[0907/112343.752:ERROR:process_reader_win.cc(151)] SuspendThread: 액세스가 거부되었습니다. (0x5)
[0907/112343.752:ERROR:process_reader_win.cc(151)] SuspendThread: 액세스가 거부되었습니다. (0x5)
[0907/112343.752:ERROR:process_reader_win.cc(151)] SuspendThread: 액세스가 거부되었습니다. (0x5)
[0907/112343.752:ERROR:process_reader_win.cc(151)] SuspendThread: 액세스가 거부되었습니다. (0x5)
[0907/112343.752:ERROR:process_reader_win.cc(151)] SuspendThread: 액세스가 거부되었습니다. (0x5)
[0907/112343.752:ERROR:process_reader_win.cc(151)] SuspendThread: 액세스가 거부되었습니다. (0x5)
[0907/112343.752:ERROR:process_reader_win.cc(151)] SuspendThread: 액세스가 거부되었습니다. (0x5)
[0907/112343.752:ERROR:process_reader_win.cc(151)] SuspendThread: 액세스가 거부되었습니다. (0x5)
[0907/112343.752:ERROR:process_reader_win.cc(151)] SuspendThread: 액세스가 거부되었습니다. (0x5)
[0907/112343.752:ERROR:process_reader_win.cc(151)] SuspendThread: 액세스가 거부되었습니다. (0x5)
[0907/112343.752:ERROR:process_reader_win.cc(151)] SuspendThread: 액세스가 거부되었습니다. (0x5)
[0907/112343.752:ERROR:process_reader_win.cc(151)] SuspendThread: 액세스가 거부되었습니다. (0x5)
[0907/112343.752:ERROR:process_reader_win.cc(151)] SuspendThread: 액세스가 거부되었습니다. (0x5)
[0907/112343.752:ERROR:process_reader_win.cc(151)] SuspendThread: 액세스가 거부되었습니다. (0x5)
[0907/112343.752:ERROR:process_reader_win.cc(151)] SuspendThread: 액세스가 거부되었습니다. (0x5)
[0907/112343.752:ERROR:process_reader_win.cc(151)] SuspendThread: 액세스가 거부되었습니다. (0x5)
[0907/112343.752:ERROR:process_reader_win.cc(151)] SuspendThread: 액세스가 거부되었습니다. (0x5)
[0907/112343.752:ERROR:process_reader_win.cc(151)] SuspendThread: 액세스가 거부되었습니다. (0x5)
[0907/112343.752:ERROR:process_reader_win.cc(151)] SuspendThread: 액세스가 거부되었습니다. (0x5)
[0907/112343.752:ERROR:process_reader_win.cc(151)] SuspendThread: 액세스가 거부되었습니다. (0x5)
[0907/112343.752:ERROR:process_reader_win.cc(151)] SuspendThread: 액세스가 거부되었습니다. (0x5)
[0907/112343.752:ERROR:process_reader_win.cc(151)] SuspendThread: 액세스가 거부되었습니다. (0x5)
[0907/112343.752:ERROR:process_reader_win.cc(151)] SuspendThread: 액세스가 거부되었습니다. (0x5)
[0907/112343.752:ERROR:process_reader_win.cc(151)] SuspendThread: 액세스가 거부되었습니다. (0x5)
[0907/112343.752:ERROR:process_reader_win.cc(123)] NtOpenThread: {액세스 거부} 프로세스가 개체에 액세스를 요구했지만 액세스 권한이 없습니다. (0xc0000022)
[0907/112343.752:ERROR:exception_snapshot_win.cc(99)] thread ID 14748 not found in process
[0907/112343.757:ERROR:process_reader_win.cc(151)] SuspendThread: 액세스가 거부되었습니다. (0x5)
[0907/112343.757:ERROR:process_reader_win.cc(123)] NtOpenThread: {액세스 거부} 프로세스가 개체에 액세스를 요구했지만 액세스 권한이 없습니다. (0xc0000022)
[0907/112343.757:ERROR:exception_snapshot_win.cc(99)] thread ID 14716 not found in process
[0907/113254.276:ERROR:process_reader_win.cc(151)] SuspendThread: 액세스가 거부되었습니다. (0x5)
[0907/113254.276:ERROR:process_reader_win.cc(151)] SuspendThread: 액세스가 거부되었습니다. (0x5)
[0907/113254.276:ERROR:process_reader_win.cc(123)] NtOpenThread: {액세스 거부} 프로세스가 개체에 액세스를 요구했지만 액세스 권한이 없습니다. (0xc0000022)
[0907/113254.276:ERROR:exception_snapshot_win.cc(99)] thread ID 12972 not found in process
[0907/113254.277:ERROR:process_reader_win.cc(151)] SuspendThread: 액세스가 거부되었습니다. (0x5)
[0907/113254.277:ERROR:process_reader_win.cc(151)] SuspendThread: 액세스가 거부되었습니다. (0x5)
[0907/113254.277:ERROR:process_reader_win.cc(151)] SuspendThread: 액세스가 거부되었습니다. (0x5)
[0907/113254.277:ERROR:process_reader_win.cc(151)] SuspendThread: 액세스가 거부되었습니다. (0x5)
[0907/113254.277:ERROR:process_reader_win.cc(123)] NtOpenThread: {액세스 거부} 프로세스가 개체에 액세스를 요구했지만 액세스 권한이 없습니다. (0xc0000022)
[0907/113254.277:ERROR:exception_snapshot_win.cc(99)] thread ID 11276 not found in process
[0907/113254.284:ERROR:process_reader_win.cc(123)] NtOpenThread: {액세스 거부} 프로세스가 개체에 액세스를 요구했지만 액세스 권한이 없습니다. (0xc0000022)
[0907/113254.284:ERROR:exception_snapshot_win.cc(99)] thread ID 5152 not found in process
[0907/120707.687:ERROR:process_reader_win.cc(123)] NtOpenThread: {액세스 거부} 프로세스가 개체에 액세스를 요구했지만 액세스 권한이 없습니다. (0xc0000022)
[0907/120707.689:ERROR:exception_snapshot_win.cc(99)] thread ID 14448 not found in process
[0907/120707.706:ERROR:process_reader_win.cc(123)] NtOpenThread: {액세스 거부} 프로세스가 개체에 액세스를 요구했지만 액세스 권한이 없습니다. (0xc0000022)
[0907/120707.707:ERROR:exception_snapshot_win.cc(99)] thread ID 15276 not found in process
[1016/164550.987:ERROR:directory_reader_win.cc(43)] FindFirstFile: 지정된 경로를 찾을 수 없습니다. (0x3)
[1017/074002.633:ERROR:directory_reader_win.cc(43)] FindFirstFile: 지정된 경로를 찾을 수 없습니다. (0x3)
[1018/074002.597:ERROR:directory_reader_win.cc(43)] FindFirstFile: 지정된 경로를 찾을 수 없습니다. (0x3)
[1019/074002.639:ERROR:directory_reader_win.cc(43)] FindFirstFile: 지정된 경로를 찾을 수 없습니다. (0x3)
[1020/074002.662:ERROR:directory_reader_win.cc(43)] FindFirstFile: 지정된 경로를 찾을 수 없습니다. (0x3)
[1021/074002.653:ERROR:directory_reader_win.cc(43)] FindFirstFile: 지정된 경로를 찾을 수 없습니다. (0x3)
[1022/074002.678:ERROR:directory_reader_win.cc(43)] FindFirstFile: 지정된 경로를 찾을 수 없습니다. (0x3)
[1023/074000.465:ERROR:directory_reader_win.cc(43)] FindFirstFile: 지정된 경로를 찾을 수 없습니다. (0x3)
[1024/074000.605:ERROR:directory_reader_win.cc(43)] FindFirstFile: 지정된 경로를 찾을 수 없습니다. (0x3)
[1025/074002.706:ERROR:directory_reader_win.cc(43)] FindFirstFile: 지정된 경로를 찾을 수 없습니다. (0x3)
[1026/074002.683:ERROR:directory_reader_win.cc(43)] FindFirstFile: 지정된 경로를 찾을 수 없습니다. (0x3)
[1027/074002.678:ERROR:directory_reader_win.cc(43)] FindFirstFile: 지정된 경로를 찾을 수 없습니다. (0x3)
[1028/074002.688:ERROR:directory_reader_win.cc(43)] FindFirstFile: 지정된 경로를 찾을 수 없습니다. (0x3)
[1029/074002.701:ERROR:directory_reader_win.cc(43)] FindFirstFile: 지정된 경로를 찾을 수 없습니다. (0x3)
[1030/074002.694:ERROR:directory_reader_win.cc(43)] FindFirstFile: 지정된 경로를 찾을 수 없습니다. (0x3)
[1031/074002.743:ERROR:directory_reader_win.cc(43)] FindFirstFile: 지정된 경로를 찾을 수 없습니다. (0x3)
[1101/074002.733:ERROR:directory_reader_win.cc(43)] FindFirstFile: 지정된 경로를 찾을 수 없습니다. (0x3)
[1102/074002.748:ERROR:directory_reader_win.cc(43)] FindFirstFile: 지정된 경로를 찾을 수 없습니다. (0x3)
[1103/074002.780:ERROR:directory_reader_win.cc(43)] FindFirstFile: 지정된 경로를 찾을 수 없습니다. (0x3)
[1104/074002.763:ERROR:directory_reader_win.cc(43)] FindFirstFile: 지정된 경로를 찾을 수 없습니다. (0x3)
[1105/074002.738:ERROR:directory_reader_win.cc(43)] FindFirstFile: 지정된 경로를 찾을 수 없습니다. (0x3)
[1106/074002.845:ERROR:directory_reader_win.cc(43)] FindFirstFile: 지정된 경로를 찾을 수 없습니다. (0x3)
[1107/074000.570:ERROR:directory_reader_win.cc(43)] FindFirstFile: 지정된 경로를 찾을 수 없습니다. (0x3)
[1108/074002.777:ERROR:directory_reader_win.cc(43)] FindFirstFile: 지정된 경로를 찾을 수 없습니다. (0x3)
[1109/074002.769:ERROR:directory_reader_win.cc(43)] FindFirstFile: 지정된 경로를 찾을 수 없습니다. (0x3)
[1110/074002.839:ERROR:directory_reader_win.cc(43)] FindFirstFile: 지정된 경로를 찾을 수 없습니다. (0x3)
[1111/074001.798:ERROR:directory_reader_win.cc(43)] FindFirstFile: 지정된 경로를 찾을 수 없습니다. (0x3)
[1117/074002.717:ERROR:directory_reader_win.cc(43)] FindFirstFile: 지정된 경로를 찾을 수 없습니다. (0x3)
[1118/074002.705:ERROR:directory_reader_win.cc(43)] FindFirstFile: 지정된 경로를 찾을 수 없습니다. (0x3)
[1119/074002.715:ERROR:directory_reader_win.cc(43)] FindFirstFile: 지정된 경로를 찾을 수 없습니다. (0x3)
[1120/074002.696:ERROR:directory_reader_win.cc(43)] FindFirstFile: 지정된 경로를 찾을 수 없습니다. (0x3)
[1121/074002.714:ERROR:directory_reader_win.cc(43)] FindFirstFile: 지정된 경로를 찾을 수 없습니다. (0x3)
[1122/074002.749:ERROR:directory_reader_win.cc(43)] FindFirstFile: 지정된 경로를 찾을 수 없습니다. (0x3)
[1123/074002.712:ERROR:directory_reader_win.cc(43)] FindFirstFile: 지정된 경로를 찾을 수 없습니다. (0x3)
[1124/074002.763:ERROR:directory_reader_win.cc(43)] FindFirstFile: 지정된 경로를 찾을 수 없습니다. (0x3)
[1125/074002.748:ERROR:directory_reader_win.cc(43)] FindFirstFile: 지정된 경로를 찾을 수 없습니다. (0x3)
[1126/074002.724:ERROR:directory_reader_win.cc(43)] FindFirstFile: 지정된 경로를 찾을 수 없습니다. (0x3)
[1127/074002.758:ERROR:directory_reader_win.cc(43)] FindFirstFile: 지정된 경로를 찾을 수 없습니다. (0x3)
[1128/074002.769:ERROR:directory_reader_win.cc(43)] FindFirstFile: 지정된 경로를 찾을 수 없습니다. (0x3)
[1129/074002.777:ERROR:directory_reader_win.cc(43)] FindFirstFile: 지정된 경로를 찾을 수 없습니다. (0x3)
[1130/074002.813:ERROR:directory_reader_win.cc(43)] FindFirstFile: 지정된 경로를 찾을 수 없습니다. (0x3)
[1201/074002.758:ERROR:directory_reader_win.cc(43)] FindFirstFile: 지정된 경로를 찾을 수 없습니다. (0x3)
[1202/074002.837:ERROR:directory_reader_win.cc(43)] FindFirstFile: 지정된 경로를 찾을 수 없습니다. (0x3)
[1203/074002.801:ERROR:directory_reader_win.cc(43)] FindFirstFile: 지정된 경로를 찾을 수 없습니다. (0x3)
[1204/074002.799:ERROR:directory_reader_win.cc(43)] FindFirstFile: 지정된 경로를 찾을 수 없습니다. (0x3)
[1205/074002.761:ERROR:directory_reader_win.cc(43)] FindFirstFile: 지정된 경로를 찾을 수 없습니다. (0x3)
[1206/074001.814:ERROR:directory_reader_win.cc(43)] FindFirstFile: 지정된 경로를 찾을 수 없습니다. (0x3)
[1207/074001.798:ERROR:directory_reader_win.cc(43)] FindFirstFile: 지정된 경로를 찾을 수 없습니다. (0x3)
[1208/074005.004:ERROR:directory_reader_win.cc(43)] FindFirstFile: 지정된 경로를 찾을 수 없습니다. (0x3)
[1209/074001.866:ERROR:directory_reader_win.cc(43)] FindFirstFile: 지정된 경로를 찾을 수 없습니다. (0x3)
[1210/074001.831:ERROR:directory_reader_win.cc(43)] FindFirstFile: 지정된 경로를 찾을 수 없습니다. (0x3)
[0107/074005.995:ERROR:directory_reader_win.cc(43)] FindFirstFile: 지정된 경로를 찾을 수 없습니다. (0x3)
[0108/074002.617:ERROR:directory_reader_win.cc(43)] FindFirstFile: 지정된 경로를 찾을 수 없습니다. (0x3)
[0109/074002.886:ERROR:directory_reader_win.cc(43)] FindFirstFile: 지정된 경로를 찾을 수 없습니다. (0x3)
[0110/074006.090:ERROR:directory_reader_win.cc(43)] FindFirstFile: 지정된 경로를 찾을 수 없습니다. (0x3)
[0111/074002.838:ERROR:directory_reader_win.cc(43)] FindFirstFile: 지정된 경로를 찾을 수 없습니다. (0x3)
[0112/074002.621:ERROR:directory_reader_win.cc(43)] FindFirstFile: 지정된 경로를 찾을 수 없습니다. (0x3)
[0113/074002.660:ERROR:directory_reader_win.cc(43)] FindFirstFile: 지정된 경로를 찾을 수 없습니다. (0x3)
